15:26:06.563 [main                     ] DEBUG GameApplication      - Logger initialized
15:26:06.641 [main                     ] DEBUG GameApplication      - Logging settings
Title: Untitled
Version: 0.0
Width: 650
Height: 450
Fullscreen: false
Intro: false
Menus: false
Profiling: false
Single step:false
App Mode: DEVELOPER
Menu Key: ESCAPE
Stage Style: DECORATED
Scene Factory: class com.almasb.fxgl.app.SceneFactory
Dialog Factory: class com.almasb.fxgl.ui.FXGLDialogFactory
UI Factory: class com.almasb.fxgl.ui.FXGLUIFactory

15:26:07.147 [JavaFX Application Thread] DEBUG Engine               - Initializing FXGL
15:26:07.147 [JavaFX Application Thread] INFO  Engine               - FXGL-11.5 (17.09.2019 20.41) on WINDOWS (J:11.0.3 FX:10.0.2-internal)
15:26:07.148 [JavaFX Application Thread] INFO  Engine               - Source code and latest versions at: https://github.com/AlmasB/FXGL
15:26:07.149 [JavaFX Application Thread] INFO  Engine               -              Join the FXGL chat at: https://gitter.im/AlmasB/FXGL
15:26:07.150 [JavaFX Application Thread] DEBUG Engine               - Initializing environment variables
15:26:07.153 [JavaFX Application Thread] DEBUG Engine               - Logging environment variables
15:26:07.154 [JavaFX Application Thread] DEBUG Engine               - achievements: []
15:26:07.154 [JavaFX Application Thread] DEBUG Engine               - sceneStack: com.almasb.fxgl.app.Engine@6314ef65
15:26:07.154 [JavaFX Application Thread] DEBUG Engine               - language: ObjectProperty [value: null]
15:26:07.155 [JavaFX Application Thread] DEBUG Engine               - isCloseConfirmation: false
15:26:07.155 [JavaFX Application Thread] DEBUG Engine               - isProfilingEnabled: false
15:26:07.155 [JavaFX Application Thread] DEBUG Engine               - soundNotification: core/notification.wav
15:26:07.156 [JavaFX Application Thread] DEBUG Engine               - devShowBBoxProperty: BooleanProperty [value: false]
15:26:07.158 [JavaFX Application Thread] DEBUG Engine               - pixelsPerMeter: 50.0
15:26:07.158 [JavaFX Application Thread] DEBUG Engine               - overlayRoot: Group@2cb5f91c
15:26:07.159 [JavaFX Application Thread] DEBUG Engine               - soundMenuBack: menu/back.wav
15:26:07.159 [JavaFX Application Thread] DEBUG Engine               - appIcon: fxgl_icon.png
15:26:07.159 [JavaFX Application Thread] DEBUG Engine               - isFullScreenAllowed: false
15:26:07.159 [JavaFX Application Thread] DEBUG Engine               - isIntroEnabled: false
15:26:07.159 [JavaFX Application Thread] DEBUG Engine               - eventBus: com.almasb.fxgl.event.EventBus@fef010f
15:26:07.160 [JavaFX Application Thread] DEBUG Engine               - fontMono: lucida_console.ttf
15:26:07.160 [JavaFX Application Thread] DEBUG Engine               - soundMenuSelect: menu/select.wav
15:26:07.160 [JavaFX Application Thread] DEBUG Engine               - isWindows: true
15:26:07.160 [JavaFX Application Thread] DEBUG Engine               - isMobile: false
15:26:07.160 [JavaFX Application Thread] DEBUG Engine               - height: 450
15:26:07.160 [JavaFX Application Thread] DEBUG Engine               - isExperimentalNative: false
15:26:07.161 [JavaFX Application Thread] DEBUG Engine               - isSingleStep: false
15:26:07.161 [JavaFX Application Thread] DEBUG Engine               - cSSList: [fxgl_dark.css]
15:26:07.161 [JavaFX Application Thread] DEBUG Engine               - fontGame: Abel-Regular.ttf
15:26:07.161 [JavaFX Application Thread] DEBUG Engine               - menuKey: ESCAPE
15:26:07.161 [JavaFX Application Thread] DEBUG Engine               - devShowPositionProperty: BooleanProperty [value: false]
15:26:07.161 [JavaFX Application Thread] DEBUG Engine               - versionCheckDays: 7
15:26:07.162 [JavaFX Application Thread] DEBUG Engine               - masterTimer: com.almasb.fxgl.time.Timer@4b44b850
15:26:07.162 [JavaFX Application Thread] DEBUG Engine               - configClass: Optional.empty
15:26:07.162 [JavaFX Application Thread] DEBUG Engine               - isFullScreenFromStart: false
15:26:07.162 [JavaFX Application Thread] DEBUG Engine               - version: 0.0
15:26:07.162 [JavaFX Application Thread] DEBUG Engine               - fullScreen: BooleanProperty [value: false]
15:26:07.162 [JavaFX Application Thread] DEBUG Engine               - dialogFactory: com.almasb.fxgl.ui.FXGLDialogFactory@3088bc49
15:26:07.162 [JavaFX Application Thread] DEBUG Engine               - applicationMode: DEVELOPER
15:26:07.163 [JavaFX Application Thread] DEBUG Engine               - isMac: false
15:26:07.163 [JavaFX Application Thread] DEBUG Engine               - urlGoogleForms: https://goo.gl/forms/6wrMnOBxTE1fEpOy2
15:26:07.163 [JavaFX Application Thread] DEBUG Engine               - isMenuEnabled: false
15:26:07.163 [JavaFX Application Thread] DEBUG Engine               - profileName: user.profile
15:26:07.163 [JavaFX Application Thread] DEBUG Engine               - urlPOM: https://raw.githubusercontent.com/AlmasB/FXGL/master/pom.xml
15:26:07.163 [JavaFX Application Thread] DEBUG Engine               - notificationViewClass: class com.almasb.fxgl.notification.view.XboxNotificationView
15:26:07.164 [JavaFX Application Thread] DEBUG Engine               - devSensorColorProperty: ObjectProperty [value: 0xffff00ff]
15:26:07.164 [JavaFX Application Thread] DEBUG Engine               - sceneFactory: com.almasb.fxgl.app.SceneFactory@3376de5d
15:26:07.164 [JavaFX Application Thread] DEBUG Engine               - dataFileExt: .dat
15:26:07.164 [JavaFX Application Thread] DEBUG Engine               - stageStyle: DECORATED
15:26:07.164 [JavaFX Application Thread] DEBUG Engine               - isManualResizeEnabled: false
15:26:07.164 [JavaFX Application Thread] DEBUG Engine               - title: Untitled
15:26:07.164 [JavaFX Application Thread] DEBUG Engine               - platform: WINDOWS
15:26:07.165 [JavaFX Application Thread] DEBUG Engine               - devBBoxColorProperty: ObjectProperty [value: 0xff0000ff]
15:26:07.165 [JavaFX Application Thread] DEBUG Engine               - isDesktop: true
15:26:07.165 [JavaFX Application Thread] DEBUG Engine               - credits: []
15:26:07.165 [JavaFX Application Thread] DEBUG Engine               - globalMusicVolumeProperty: DoubleProperty [value: 0.5]
15:26:07.165 [JavaFX Application Thread] DEBUG Engine               - uIFactory: com.almasb.fxgl.ui.FXGLUIFactory@44665645
15:26:07.165 [JavaFX Application Thread] DEBUG Engine               - isPreserveResizeRatio: false
15:26:07.166 [JavaFX Application Thread] DEBUG Engine               - fontText: Courier-Prime.ttf
15:26:07.166 [JavaFX Application Thread] DEBUG Engine               - isExperimentalTiledLargeMap: false
15:26:07.166 [JavaFX Application Thread] DEBUG Engine               - secondsIn24h: 60
15:26:07.166 [JavaFX Application Thread] DEBUG Engine               - runtimeInfo: RuntimeInfo(platform=WINDOWS, version=11.5, build=17.09.2019 20.41)
15:26:07.166 [JavaFX Application Thread] DEBUG Engine               - isLinux: false
15:26:07.166 [JavaFX Application Thread] DEBUG Engine               - soundMenuPress: menu/press.wav
15:26:07.167 [JavaFX Application Thread] DEBUG Engine               - urlGithub: https://github.com/AlmasB/FXGL
15:26:07.167 [JavaFX Application Thread] DEBUG Engine               - profileDir: profiles/
15:26:07.167 [JavaFX Application Thread] DEBUG Engine               - isDeveloperMenuEnabled: false
15:26:07.167 [JavaFX Application Thread] DEBUG Engine               - globalSoundVolumeProperty: DoubleProperty [value: 0.5]
15:26:07.167 [JavaFX Application Thread] DEBUG Engine               - isBrowser: false
15:26:07.167 [JavaFX Application Thread] DEBUG Engine               - urlLeaderboard: http://fxgl-top.herokuapp.com/
15:26:07.167 [JavaFX Application Thread] DEBUG Engine               - globalSoundVolume: 0.5
15:26:07.168 [JavaFX Application Thread] DEBUG Engine               - saveDir: saves/
15:26:07.168 [JavaFX Application Thread] DEBUG Engine               - engineServices: [class com.almasb.fxgl.audio.AudioPlayer, class com.almasb.fxgl.notification.impl.NotificationServiceProvider, class com.almasb.fxgl.achievement.AchievementManager, class com.almasb.fxgl.cutscene.CutsceneService, class com.almasb.fxgl.minigames.MiniGameService]
15:26:07.168 [JavaFX Application Thread] DEBUG Engine               - globalMusicVolume: 0.5
15:26:07.168 [JavaFX Application Thread] DEBUG Engine               - width: 650
15:26:07.168 [JavaFX Application Thread] DEBUG Engine               - saveFileExt: .sav
15:26:07.168 [JavaFX Application Thread] DEBUG Engine               - isAndroid: false
15:26:07.168 [JavaFX Application Thread] DEBUG Engine               - fontUI: VarelaRound-Regular.ttf
15:26:07.169 [JavaFX Application Thread] DEBUG Engine               - enabledMenuItems: []
15:26:07.169 [JavaFX Application Thread] DEBUG Engine               - isIOS: false
15:26:07.172 [JavaFX Application Thread] DEBUG Engine               - Adding new engine service: class com.almasb.fxgl.audio.AudioPlayer
15:26:07.174 [JavaFX Application Thread] DEBUG Engine               - Adding new engine service: class com.almasb.fxgl.notification.impl.NotificationServiceProvider
15:26:07.175 [JavaFX Application Thread] DEBUG Engine               - Adding new engine service: class com.almasb.fxgl.achievement.AchievementManager
15:26:07.176 [JavaFX Application Thread] DEBUG Engine               - Adding new engine service: class com.almasb.fxgl.cutscene.CutsceneService
15:26:07.176 [JavaFX Application Thread] DEBUG Engine               - Adding new engine service: class com.almasb.fxgl.minigames.MiniGameService
15:26:07.181 [JavaFX Application Thread] DEBUG Engine               - Loading localizations
15:26:07.195 [JavaFX Application Thread] DEBUG AssetLoader          - Loading from file system: /assets/properties/languages/english.properties
15:26:07.201 [JavaFX Application Thread] DEBUG AssetLoader          - Loading from file system: /assets/properties/languages/french.properties
15:26:07.204 [JavaFX Application Thread] DEBUG AssetLoader          - Loading from file system: /assets/properties/languages/german.properties
15:26:07.207 [JavaFX Application Thread] DEBUG AssetLoader          - Loading from file system: /assets/properties/languages/russian.properties
15:26:07.210 [JavaFX Application Thread] DEBUG AssetLoader          - Loading from file system: /assets/properties/languages/hungarian.properties
15:26:07.213 [JavaFX Application Thread] DEBUG Engine               - Registering font factories
15:26:07.214 [JavaFX Application Thread] DEBUG AssetLoader          - Loading from file system: /assets/ui/fonts/VarelaRound-Regular.ttf
15:26:07.630 [JavaFX Application Thread] DEBUG AssetLoader          - Loading from file system: /assets/ui/fonts/Abel-Regular.ttf
15:26:07.646 [JavaFX Application Thread] DEBUG AssetLoader          - Loading from file system: /assets/ui/fonts/lucida_console.ttf
15:26:07.664 [JavaFX Application Thread] DEBUG AssetLoader          - Loading from file system: /assets/ui/fonts/Courier-Prime.ttf
15:26:07.679 [JavaFX Application Thread] DEBUG Engine               - Setting UI factory
15:26:07.809 [JavaFX Application Thread] DEBUG AssetLoader          - Loading from file system: /assets/textures/fxgl_logo.png
15:26:07.910 [JavaFX Application Thread] DEBUG MainWindow           - Creating a JavaFX scene
15:26:07.969 [JavaFX Application Thread] DEBUG MainWindow           - Target settings size: 650.0 x 450.0
15:26:07.969 [JavaFX Application Thread] DEBUG MainWindow           - Scaled scene size:    650.0 x 450.0
15:26:07.969 [JavaFX Application Thread] DEBUG MainWindow           - Scaled ratio: (1.0, 1.0)
15:26:07.971 [JavaFX Application Thread] DEBUG MainWindow           - Set initial scene to FXGLStartupScene
15:26:07.982 [JavaFX Application Thread] DEBUG AssetLoader          - Loading from file system: /assets/textures/fxgl_icon.png
15:26:08.009 [JavaFX Application Thread] DEBUG Engine               - Applying CSS: fxgl_dark.css
15:26:08.010 [JavaFX Application Thread] DEBUG AssetLoader          - Loading from file system: /assets/ui/css/fxgl_dark.css
15:26:08.013 [JavaFX Application Thread] DEBUG AssetLoader          - Loading from file system: /assets/ui/cursors/fxgl_default.png
15:26:08.020 [JavaFX Application Thread] DEBUG MainWindow           - Opening main window
15:26:08.331 [JavaFX Application Thread] DEBUG MainWindow           - Window border size: (14.66668701171875, 37.333343505859375)
15:26:08.331 [JavaFX Application Thread] DEBUG MainWindow           - Scaled size: 650.0 x 450.0
15:26:08.331 [JavaFX Application Thread] DEBUG MainWindow           - Scaled ratio: (1.0, 1.0)
15:26:08.331 [JavaFX Application Thread] DEBUG MainWindow           - Scene size: 650.0 x 450.0
15:26:08.331 [JavaFX Application Thread] DEBUG MainWindow           - Stage size: 664.6666870117188 x 487.3333435058594
15:26:08.391 [FXGL Background Thread 1 ] DEBUG FS                   - Loaded FSServiceImpl
15:26:08.391 [FXGL Background Thread 1 ] DEBUG Engine               - Loading FXGL system data
15:26:08.398 [FXGL Background Thread 1 ] DEBUG FSServiceImpl        - Reading from: D:\BouncingBall\system\fxgl.bundle
15:26:08.410 [FXGL Background Thread 1 ] DEBUG Engine               - Bundle FXGL: {}
15:26:08.410 [FXGL Background Thread 1 ] DEBUG Engine               - Initializing application scenes
15:26:08.485 [FXGL Background Thread 1 ] DEBUG GameWorld            - Game world initialized
15:26:08.589 [FXGL Background Thread 1 ] DEBUG PhysicsWorld         - Physics world initialized: appHeight=450, physics.ppm=50.0
15:26:08.591 [FXGL Background Thread 1 ] DEBUG GameScene            - Game scene initialized: 650x450
15:26:08.634 [FXGL Background Thread 1 ] DEBUG Input                - Registered new binding: Resume - Esc
15:26:08.634 [FXGL Background Thread 1 ] DEBUG AssetLoader          - Loading from file system: /assets/textures/pause_menu_bg.png
15:26:08.666 [FXGL Background Thread 1 ] DEBUG Input                - Registered new binding: Pause - Esc
15:26:08.666 [FXGL Background Thread 1 ] DEBUG Engine               - Application scenes initialized
15:26:08.670 [JavaFX Application Thread] DEBUG Engine               - Running preInit()
15:26:08.671 [JavaFX Application Thread] DEBUG Input                - Registered new binding: Screenshot - P
15:26:08.672 [JavaFX Application Thread] DEBUG Input                - Registered new binding: System info dump - CTRL+9
15:26:08.672 [JavaFX Application Thread] DEBUG Input                - Registered new binding: Restart - CTRL+R
15:26:08.673 [JavaFX Application Thread] DEBUG Engine               - generateDefaultProfile()
15:26:08.673 [JavaFX Application Thread] DEBUG Engine               - Creating default profile
15:26:08.673 [JavaFX Application Thread] DEBUG EventBus             - Firing event: SaveEvent
15:26:08.688 [JavaFX Application Thread] INFO  Engine               - FXGL initialization took: 1.508 sec
15:26:08.688 [JavaFX Application Thread] DEBUG LoopRunner           - Starting loop
15:26:08.697 [JavaFX Application Thread] DEBUG FXGLStartupScene     - STARTUP
15:26:08.697 [JavaFX Application Thread] DEBUG Engine               - Starting new game
15:26:08.706 [JavaFX Application Thread] DEBUG Input                - Clearing active input actions
15:26:08.720 [JavaFX Application Thread] DEBUG Engine               - Removing overlay from FXGLStartupScene and adding to LoadingScene
15:26:08.721 [JavaFX Application Thread] DEBUG MainWindow           - FXGLStartupScene -> LoadingScene
15:26:08.732 [FXGL Background Thread 1 ] DEBUG InitAppTask          - Clearing previous game
15:26:08.733 [FXGL Background Thread 1 ] DEBUG GameWorld            - Clearing game world
15:26:08.733 [FXGL Background Thread 1 ] DEBUG PhysicsWorld         - Clearing physics world
15:26:08.733 [FXGL Background Thread 1 ] DEBUG GameScene            - Clearing game scene
15:26:08.733 [FXGL Background Thread 1 ] DEBUG InitAppTask          - Initializing Game
15:26:09.045 [FXGL Background Thread 1 ] DEBUG InitAppTask          - Initializing Physics
15:26:09.045 [FXGL Background Thread 1 ] DEBUG InitAppTask          - Initializing UI
15:26:09.045 [FXGL Background Thread 1 ] DEBUG InitAppTask          - Initialization Complete
15:26:09.046 [FXGL Background Thread 1 ] INFO  InitAppTask          - Game initialization took: 0.313 sec
15:26:09.055 [JavaFX Application Thread] DEBUG Input                - Clearing active input actions
15:26:09.113 [JavaFX Application Thread] DEBUG Engine               - Removing overlay from LoadingScene and adding to GameScene
15:26:09.114 [JavaFX Application Thread] DEBUG MainWindow           - LoadingScene -> GameScene
15:26:14.073 [JavaFX Application Thread] DEBUG Engine               - Exiting FXGL
15:26:14.074 [JavaFX Application Thread] DEBUG Engine               - Shutting down background threads
15:26:14.074 [JavaFX Application Thread] DEBUG Engine               - Saving FXGL system data
15:26:14.076 [JavaFX Application Thread] DEBUG FSServiceImpl        - Writing to: D:\BouncingBall\system\fxgl.bundle
15:26:14.082 [JavaFX Application Thread] DEBUG Engine               - Closing logger and exiting JavaFX
